#
# A fatal error has been detected by the Java Runtime Environment:
#
#  EXCEPTION_ACCESS_VIOLATION (0xc0000005) at pc=0x00007ffe3863531a, pid=201960, tid=190324
#
# JRE version: Java(TM) SE Runtime Environment (17.0.1+12) (build 17.0.1+12-LTS-39)
# Java VM: Java HotSpot(TM) 64-Bit Server VM (17.0.1+12-LTS-39, mixed mode, sharing, tiered, compressed oops, compressed class ptrs, g1 gc, windows-amd64)
# Problematic frame:
# C  [igxelpicd64.dll+0x1531a]
#
# No core dump will be written. Minidumps are not enabled by default on client versions of Windows
#
# If you would like to submit a bug report, please visit:
#   https://bugreport.java.com/bugreport/crash.jsp
# The crash happened outside the Java Virtual Machine in native code.
# See problematic frame for where to report the bug.
#

---------------  S U M M A R Y ------------

Command Line: -Dfile.encoding=windows-1252 -Duser.country=US -Duser.language=en -Duser.variant creoii.origin.core.Main

Host: 11th Gen Intel(R) Core(TM) i7-1165G7 @ 2.80GHz, 8 cores, 15G,  Windows 10 , 64 bit Build 22000 (10.0.22000.318)
Time: Sun Jan 23 02:08:46 2022 Eastern Standard Time elapsed time: 0.589856 seconds (0d 0h 0m 0s)

---------------  T H R E A D  ---------------

Current thread (0x000002128878e490):  JavaThread "main" [_thread_in_native, id=190324, stack(0x000000765fb00000,0x000000765fc00000)]

Stack: [0x000000765fb00000,0x000000765fc00000],  sp=0x000000765fbfe0e0,  free space=1016k
Native frames: (J=compiled Java code, j=interpreted, Vv=VM code, C=native code)
C  [igxelpicd64.dll+0x1531a]

Java frames: (J=compiled Java code, j=interpreted, Vv=VM code)
j  org.lwjgl.opengl.GL11C.nglTexImage2D(IIIIIIIIJ)V+0
j  org.lwjgl.opengl.GL11C.glTexImage2D(IIIIIIIILjava/nio/ByteBuffer;)V+17
j  org.lwjgl.opengl.GL11.glTexImage2D(IIIIIIIILjava/nio/ByteBuffer;)V+14
j  creoii.origin.core.render.DynamicTexture.load(II)V+381
j  creoii.origin.core.render.sprite.Spritesheet.load()V+12
j  creoii.origin.data.DataLoader.loadResources()V+146
j  creoii.origin.core.display.Window.init()V+371
j  creoii.origin.core.display.Window.run()V+1
j  creoii.origin.core.Main.main([Ljava/lang/String;)V+3
v  ~StubRoutines::call_stub

siginfo: EXCEPTION_ACCESS_VIOLATION (0xc0000005), reading address 0x00000212b2980000


Register to memory mapping:

RIP=0x00007ffe3863531a igxelpicd64.dll
RAX=0x00000000000002ea is an unknown value
RBX=0x00000212af1ba000 points into unknown readable memory: 0x0000000000000000 | 00 00 00 00 00 00 00 00
RCX=0x00000000000002eb is an unknown value
RDX=0x00000212b297ffb0 points into unknown readable memory: 0x0000000000000000 | 00 00 00 00 00 00 00 00
RSP=0x000000765fbfe0e0 is pointing into the stack for thread: 0x000002128878e490
RBP=0x000000765fbfe210 is pointing into the stack for thread: 0x000002128878e490
RSI=0x0 is NULL
RDI=0x00000212af1d1500 points into unknown readable memory: 0x0000000000000000 | 00 00 00 00 00 00 00 00
R8 =0x000000000002a400 is an unknown value
R9 =0x0000000000000548 is an unknown value
R10=0x0 is NULL
R11=0x000000765fbfe190 is pointing into the stack for thread: 0x000002128878e490
R12=0x0 is NULL
R13=0x0000000000000001 is an unknown value
R14=0x000000765fbfe310 is pointing into the stack for thread: 0x000002128878e490
R15=0x0 is NULL


Registers:
RAX=0x00000000000002ea, RBX=0x00000212af1ba000, RCX=0x00000000000002eb, RDX=0x00000212b297ffb0
RSP=0x000000765fbfe0e0, RBP=0x000000765fbfe210, RSI=0x0000000000000000, RDI=0x00000212af1d1500
R8 =0x000000000002a400, R9 =0x0000000000000548, R10=0x0000000000000000, R11=0x000000765fbfe190
R12=0x0000000000000000, R13=0x0000000000000001, R14=0x000000765fbfe310, R15=0x0000000000000000
RIP=0x00007ffe3863531a, EFLAGS=0x0000000000010207

Top of Stack: (sp=0x000000765fbfe0e0)
0x000000765fbfe0e0:   0000000000000000 0000000000000000
0x000000765fbfe0f0:   0000000000000000 0000000000000000
0x000000765fbfe100:   00000212b2968ab0 00007ffe38737a73
0x000000765fbfe110:   00000212b2968ab0 000000765fbfe210
0x000000765fbfe120:   0000000000000000 00007ffe3888a693
0x000000765fbfe130:   0000000000000049 0000000000000001
0x000000765fbfe140:   00000212b2968ab0 0000000000000000
0x000000765fbfe150:   00000212b2933360 00000212b2841df0
0x000000765fbfe160:   0000000000000000 00007ffe388e90b4
0x000000765fbfe170:   0000000000000002 000000765fbfe1e9
0x000000765fbfe180:   00000212ac5a3240 0000000000000000
0x000000765fbfe190:   00007ffe390fa598 00000212ac6f1d80
0x000000765fbfe1a0:   000000d0000000d0 0000004900000000
0x000000765fbfe1b0:   0000034000000004 00000212b2968ab0
0x000000765fbfe1c0:   0000000400000049 00007ffe00000340
0x000000765fbfe1d0:   00000212af1ba000 00000212ac23d5b0 

Instructions: (pc=0x00007ffe3863531a)
0x00007ffe3863521a:   62 40 f3 0f 6f 6a 50 f3 0f 6f 72 60 f3 0f 6f 7a
0x00007ffe3863522a:   70 66 0f e7 07 66 0f e7 4f 10 66 0f e7 57 20 66
0x00007ffe3863523a:   0f e7 5f 30 66 0f e7 67 40 66 0f e7 6f 50 66 0f
0x00007ffe3863524a:   e7 77 60 66 0f e7 7f 70 48 83 ef 80 48 83 ea 80
0x00007ffe3863525a:   49 3b c1 72 a1 41 83 e0 7f 75 5b 0f 28 74 24 10
0x00007ffe3863526a:   0f 28 3c 24 41 83 e0 0f 75 06 48 83 c4 20 5f c3
0x00007ffe3863527a:   49 8b c8 45 8b ca 48 c1 e9 02 48 85 c9 74 17 8b
0x00007ffe3863528a:   02 41 ff c1 89 07 48 83 c2 04 48 83 c7 04 41 8b
0x00007ffe3863529a:   c1 48 3b c1 72 e9 41 83 e0 03 76 ce 48 2b d7 0f
0x00007ffe386352aa:   b6 04 3a 41 ff c2 88 07 48 8d 7f 01 41 8b c2 49
0x00007ffe386352ba:   3b c0 72 eb eb b4 4d 8b c8 41 8b ca 49 c1 e9 04
0x00007ffe386352ca:   4d 85 c9 74 96 f3 0f 6f 02 ff c1 48 83 c2 10 8b
0x00007ffe386352da:   c1 66 0f e7 07 48 83 c7 10 49 3b c1 72 e7 e9 78
0x00007ffe386352ea:   ff ff ff 4d 85 c9 74 6d 0f 1f 40 00 66 66 0f 1f
0x00007ffe386352fa:   84 00 00 00 00 00 f3 0f 6f 02 ff c1 f3 0f 6f 4a
0x00007ffe3863530a:   10 f3 0f 6f 52 20 f3 0f 6f 5a 30 f3 0f 6f 62 40
0x00007ffe3863531a:   f3 0f 6f 6a 50 f3 0f 6f 72 60 f3 0f 6f 7a 70 48
0x00007ffe3863532a:   83 ea 80 66 0f e7 07 66 0f e7 4f 10 66 0f e7 57
0x00007ffe3863533a:   20 66 0f e7 5f 30 66 0f e7 67 40 66 0f e7 6f 50
0x00007ffe3863534a:   66 0f e7 77 60 66 0f e7 7f 70 48 83 ef 80 8b c1
0x00007ffe3863535a:   49 3b c1 72 a1 41 83 e0 7f 0f 84 fc fe ff ff 45
0x00007ffe3863536a:   8b c8 41 8b ca 49 c1 e9 04 4d 85 c9 0f 84 e9 fe
0x00007ffe3863537a:   ff ff 0f 1f 40 00 f3 0f 6f 02 ff c1 66 0f e7 07
0x00007ffe3863538a:   48 83 c7 10 8b c1 48 83 c2 10 49 3b c1 72 e7 e9
0x00007ffe3863539a:   c7 fe ff ff 66 0f 6f 0d ea 14 bf 00 b8 10 00 00
0x00007ffe386353aa:   00 2b c1 8b c8 b8 0f 00 00 00 2a c1 0f be c0 66
0x00007ffe386353ba:   0f 6e c0 66 0f 60 c0 66 0f 61 c0 66 0f 70 c0 00
0x00007ffe386353ca:   66 0f 64 c8 f3 0f 6f 02 48 03 d1 66 0f f7 c1 48
0x00007ffe386353da:   03 f9 e9 ee fd ff ff cc cc cc cc cc cc cc cc cc
0x00007ffe386353ea:   cc cc cc cc cc cc 40 53 57 48 83 ec 38 48 89 6c
0x00007ffe386353fa:   24 50 41 8b f9 44 8b 8c 24 80 00 00 00 8b ea 48
0x00007ffe3863540a:   89 74 24 58 41 8b f0 48 8b d9 41 f6 c1 01 0f 84 


Stack slot to memory mapping:
stack at sp + 0 slots: 0x0 is NULL
stack at sp + 1 slots: 0x0 is NULL
stack at sp + 2 slots: 0x0 is NULL
stack at sp + 3 slots: 0x0 is NULL
stack at sp + 4 slots: 0x00000212b2968ab0 points into unknown readable memory: 0x0000000000000000 | 00 00 00 00 00 00 00 00
stack at sp + 5 slots: 0x00007ffe38737a73 igxelpicd64.dll
stack at sp + 6 slots: 0x00000212b2968ab0 points into unknown readable memory: 0x0000000000000000 | 00 00 00 00 00 00 00 00
stack at sp + 7 slots: 0x000000765fbfe210 is pointing into the stack for thread: 0x000002128878e490


---------------  P R O C E S S  ---------------

Threads class SMR info:
_java_thread_list=0x00000212b26bf7d0, length=13, elements={
0x000002128878e490, 0x00000212ab348eb0, 0x00000212ab349a60, 0x00000212ab35da00,
0x00000212ab35e3b0, 0x00000212ab360d70, 0x00000212ab361720, 0x00000212ab362cc0,
0x00000212ab36f480, 0x00000212ab36fe70, 0x00000212abe012f0, 0x00000212abe09060,
0x00000212abf01bd0
}

Java Threads: ( => current thread )
=>0x000002128878e490 JavaThread "main" [_thread_in_native, id=190324, stack(0x000000765fb00000,0x000000765fc00000)]
  0x00000212ab348eb0 JavaThread "Reference Handler" daemon [_thread_blocked, id=204104, stack(0x0000007660200000,0x0000007660300000)]
  0x00000212ab349a60 JavaThread "Finalizer" daemon [_thread_blocked, id=196592, stack(0x0000007660300000,0x0000007660400000)]
  0x00000212ab35da00 JavaThread "Signal Dispatcher" daemon [_thread_blocked, id=206280, stack(0x0000007660400000,0x0000007660500000)]
  0x00000212ab35e3b0 JavaThread "Attach Listener" daemon [_thread_blocked, id=189564, stack(0x0000007660500000,0x0000007660600000)]
  0x00000212ab360d70 JavaThread "Service Thread" daemon [_thread_blocked, id=200448, stack(0x0000007660600000,0x0000007660700000)]
  0x00000212ab361720 JavaThread "Monitor Deflation Thread" daemon [_thread_blocked, id=205708, stack(0x0000007660700000,0x0000007660800000)]
  0x00000212ab362cc0 JavaThread "C2 CompilerThread0" daemon [_thread_blocked, id=202796, stack(0x0000007660800000,0x0000007660900000)]
  0x00000212ab36f480 JavaThread "C1 CompilerThread0" daemon [_thread_blocked, id=206380, stack(0x0000007660900000,0x0000007660a00000)]
  0x00000212ab36fe70 JavaThread "Sweeper thread" daemon [_thread_blocked, id=206180, stack(0x0000007660a00000,0x0000007660b00000)]
  0x00000212abe012f0 JavaThread "Notification Thread" daemon [_thread_blocked, id=167980, stack(0x0000007660b00000,0x0000007660c00000)]
  0x00000212abe09060 JavaThread "Common-Cleaner" daemon [_thread_blocked, id=200200, stack(0x0000007660d00000,0x0000007660e00000)]
  0x00000212abf01bd0 JavaThread "C2 CompilerThread1" daemon [_thread_blocked, id=204364, stack(0x0000007660e00000,0x0000007660f00000)]

Other Threads:
  0x00000212ab342400 VMThread "VM Thread" [stack: 0x0000007660100000,0x0000007660200000] [id=206268]
  0x00000212abe06400 WatcherThread [stack: 0x0000007660c00000,0x0000007660d00000] [id=204648]
  0x00000212887df680 GCTaskThread "GC Thread#0" [stack: 0x000000765fc00000,0x000000765fd00000] [id=200136]
  0x00000212887f0290 ConcurrentGCThread "G1 Main Marker" [stack: 0x000000765fd00000,0x000000765fe00000] [id=185132]
  0x00000212887f0ca0 ConcurrentGCThread "G1 Conc#0" [stack: 0x000000765fe00000,0x000000765ff00000] [id=204016]
  0x00000212ab2024c0 ConcurrentGCThread "G1 Refine#0" [stack: 0x000000765ff00000,0x0000007660000000] [id=206256]
  0x00000212ab202ee0 ConcurrentGCThread "G1 Service" [stack: 0x0000007660000000,0x0000007660100000] [id=206404]

Threads with active compile tasks:

VM state: not at safepoint (normal execution)

VM Mutex/Monitor currently owned by a thread: None

Heap address: 0x0000000703200000, size: 4046 MB, Compressed Oops mode: Zero based, Oop shift amount: 3

CDS archive(s) mapped at: [0x0000000800000000-0x0000000800bc0000-0x0000000800bc0000), size 12320768, SharedBaseAddress: 0x0000000800000000, ArchiveRelocationMode: 0.
Compressed class space mapped at: 0x0000000800c00000-0x0000000840c00000, reserved size: 1073741824
Narrow klass base: 0x0000000800000000, Narrow klass shift: 0, Narrow klass range: 0x100000000

GC Precious Log:
 CPUs: 8 total, 8 available
 Memory: 16183M
 Large Page Support: Disabled
 NUMA Support: Disabled
 Compressed Oops: Enabled (Zero based)
 Heap Region Size: 2M
 Heap Min Capacity: 8M
 Heap Initial Capacity: 254M
 Heap Max Capacity: 4046M
 Pre-touch: Disabled
 Parallel Workers: 8
 Concurrent Workers: 2
 Concurrent Refinement Workers: 8
 Periodic GC: Disabled

Heap:
 garbage-first heap   total 260096K, used 12288K [0x0000000703200000, 0x0000000800000000)
  region size 2048K, 8 young (16384K), 0 survivors (0K)
 Metaspace       used 4905K, committed 5056K, reserved 1056768K
  class space    used 376K, committed 448K, reserved 1048576K

Heap Regions: E=young(eden), S=young(survivor), O=old, HS=humongous(starts), HC=humongous(continues), CS=collection set, F=free, OA=open archive, CA=closed archive, TAMS=top-at-mark-start (previous, next)
|   0|0x0000000703200000, 0x0000000703200000, 0x0000000703400000|  0%| F|  |TAMS 0x0000000703200000, 0x0000000703200000| Untracked 
|   1|0x0000000703400000, 0x0000000703400000, 0x0000000703600000|  0%| F|  |TAMS 0x0000000703400000, 0x0000000703400000| Untracked 
|   2|0x0000000703600000, 0x0000000703600000, 0x0000000703800000|  0%| F|  |TAMS 0x0000000703600000, 0x0000000703600000| Untracked 
|   3|0x0000000703800000, 0x0000000703800000, 0x0000000703a00000|  0%| F|  |TAMS 0x0000000703800000, 0x0000000703800000| Untracked 
|   4|0x0000000703a00000, 0x0000000703a00000, 0x0000000703c00000|  0%| F|  |TAMS 0x0000000703a00000, 0x0000000703a00000| Untracked 
|   5|0x0000000703c00000, 0x0000000703c00000, 0x0000000703e00000|  0%| F|  |TAMS 0x0000000703c00000, 0x0000000703c00000| Untracked 
|   6|0x0000000703e00000, 0x0000000703e00000, 0x0000000704000000|  0%| F|  |TAMS 0x0000000703e00000, 0x0000000703e00000| Untracked 
|   7|0x0000000704000000, 0x0000000704000000, 0x0000000704200000|  0%| F|  |TAMS 0x0000000704000000, 0x0000000704000000| Untracked 
|   8|0x0000000704200000, 0x0000000704200000, 0x0000000704400000|  0%| F|  |TAMS 0x0000000704200000, 0x0000000704200000| Untracked 
|   9|0x0000000704400000, 0x0000000704400000, 0x0000000704600000|  0%| F|  |TAMS 0x0000000704400000, 0x0000000704400000| Untracked 
|  10|0x0000000704600000, 0x0000000704600000, 0x0000000704800000|  0%| F|  |TAMS 0x0000000704600000, 0x0000000704600000| Untracked 
|  11|0x0000000704800000, 0x0000000704800000, 0x0000000704a00000|  0%| F|  |TAMS 0x0000000704800000, 0x0000000704800000| Untracked 
|  12|0x0000000704a00000, 0x0000000704a00000, 0x0000000704c00000|  0%| F|  |TAMS 0x0000000704a00000, 0x0000000704a00000| Untracked 
|  13|0x0000000704c00000, 0x0000000704c00000, 0x0000000704e00000|  0%| F|  |TAMS 0x0000000704c00000, 0x0000000704c00000| Untracked 
|  14|0x0000000704e00000, 0x0000000704e00000, 0x0000000705000000|  0%| F|  |TAMS 0x0000000704e00000, 0x0000000704e00000| Untracked 
|  15|0x0000000705000000, 0x0000000705000000, 0x0000000705200000|  0%| F|  |TAMS 0x0000000705000000, 0x0000000705000000| Untracked 
|  16|0x0000000705200000, 0x0000000705200000, 0x0000000705400000|  0%| F|  |TAMS 0x0000000705200000, 0x0000000705200000| Untracked 
|  17|0x0000000705400000, 0x0000000705400000, 0x0000000705600000|  0%| F|  |TAMS 0x0000000705400000, 0x0000000705400000| Untracked 
|  18|0x0000000705600000, 0x0000000705600000, 0x0000000705800000|  0%| F|  |TAMS 0x0000000705600000, 0x0000000705600000| Untracked 
|  19|0x0000000705800000, 0x0000000705800000, 0x0000000705a00000|  0%| F|  |TAMS 0x0000000705800000, 0x0000000705800000| Untracked 
|  20|0x0000000705a00000, 0x0000000705a00000, 0x0000000705c00000|  0%| F|  |TAMS 0x0000000705a00000, 0x0000000705a00000| Untracked 
|  21|0x0000000705c00000, 0x0000000705c00000, 0x0000000705e00000|  0%| F|  |TAMS 0x0000000705c00000, 0x0000000705c00000| Untracked 
|  22|0x0000000705e00000, 0x0000000705e00000, 0x0000000706000000|  0%| F|  |TAMS 0x0000000705e00000, 0x0000000705e00000| Untracked 
|  23|0x0000000706000000, 0x0000000706000000, 0x0000000706200000|  0%| F|  |TAMS 0x0000000706000000, 0x0000000706000000| Untracked 
|  24|0x0000000706200000, 0x0000000706200000, 0x0000000706400000|  0%| F|  |TAMS 0x0000000706200000, 0x0000000706200000| Untracked 
|  25|0x0000000706400000, 0x0000000706400000, 0x0000000706600000|  0%| F|  |TAMS 0x0000000706400000, 0x0000000706400000| Untracked 
|  26|0x0000000706600000, 0x0000000706600000, 0x0000000706800000|  0%| F|  |TAMS 0x0000000706600000, 0x0000000706600000| Untracked 
|  27|0x0000000706800000, 0x0000000706800000, 0x0000000706a00000|  0%| F|  |TAMS 0x0000000706800000, 0x0000000706800000| Untracked 
|  28|0x0000000706a00000, 0x0000000706a00000, 0x0000000706c00000|  0%| F|  |TAMS 0x0000000706a00000, 0x0000000706a00000| Untracked 
|  29|0x0000000706c00000, 0x0000000706c00000, 0x0000000706e00000|  0%| F|  |TAMS 0x0000000706c00000, 0x0000000706c00000| Untracked 
|  30|0x0000000706e00000, 0x0000000706e00000, 0x0000000707000000|  0%| F|  |TAMS 0x0000000706e00000, 0x0000000706e00000| Untracked 
|  31|0x0000000707000000, 0x0000000707000000, 0x0000000707200000|  0%| F|  |TAMS 0x0000000707000000, 0x0000000707000000| Untracked 
|  32|0x0000000707200000, 0x0000000707200000, 0x0000000707400000|  0%| F|  |TAMS 0x0000000707200000, 0x0000000707200000| Untracked 
|  33|0x0000000707400000, 0x0000000707400000, 0x0000000707600000|  0%| F|  |TAMS 0x0000000707400000, 0x0000000707400000| Untracked 
|  34|0x0000000707600000, 0x0000000707600000, 0x0000000707800000|  0%| F|  |TAMS 0x0000000707600000, 0x0000000707600000| Untracked 
|  35|0x0000000707800000, 0x0000000707800000, 0x0000000707a00000|  0%| F|  |TAMS 0x0000000707800000, 0x0000000707800000| Untracked 
|  36|0x0000000707a00000, 0x0000000707a00000, 0x0000000707c00000|  0%| F|  |TAMS 0x0000000707a00000, 0x0000000707a00000| Untracked 
|  37|0x0000000707c00000, 0x0000000707c00000, 0x0000000707e00000|  0%| F|  |TAMS 0x0000000707c00000, 0x0000000707c00000| Untracked 
|  38|0x0000000707e00000, 0x0000000707e00000, 0x0000000708000000|  0%| F|  |TAMS 0x0000000707e00000, 0x0000000707e00000| Untracked 
|  39|0x0000000708000000, 0x0000000708000000, 0x0000000708200000|  0%| F|  |TAMS 0x0000000708000000, 0x0000000708000000| Untracked 
|  40|0x0000000708200000, 0x0000000708200000, 0x0000000708400000|  0%| F|  |TAMS 0x0000000708200000, 0x0000000708200000| Untracked 
|  41|0x0000000708400000, 0x0000000708400000, 0x0000000708600000|  0%| F|  |TAMS 0x0000000708400000, 0x0000000708400000| Untracked 
|  42|0x0000000708600000, 0x0000000708600000, 0x0000000708800000|  0%| F|  |TAMS 0x0000000708600000, 0x0000000708600000| Untracked 
|  43|0x0000000708800000, 0x0000000708800000, 0x0000000708a00000|  0%| F|  |TAMS 0x0000000708800000, 0x0000000708800000| Untracked 
|  44|0x0000000708a00000, 0x0000000708a00000, 0x0000000708c00000|  0%| F|  |TAMS 0x0000000708a00000, 0x0000000708a00000| Untracked 
|  45|0x0000000708c00000, 0x0000000708c00000, 0x0000000708e00000|  0%| F|  |TAMS 0x0000000708c00000, 0x0000000708c00000| Untracked 
|  46|0x0000000708e00000, 0x0000000708e00000, 0x0000000709000000|  0%| F|  |TAMS 0x0000000708e00000, 0x0000000708e00000| Untracked 
|  47|0x0000000709000000, 0x0000000709000000, 0x0000000709200000|  0%| F|  |TAMS 0x0000000709000000, 0x0000000709000000| Untracked 
|  48|0x0000000709200000, 0x0000000709200000, 0x0000000709400000|  0%| F|  |TAMS 0x0000000709200000, 0x0000000709200000| Untracked 
|  49|0x0000000709400000, 0x0000000709400000, 0x0000000709600000|  0%| F|  |TAMS 0x0000000709400000, 0x0000000709400000| Untracked 
|  50|0x0000000709600000, 0x0000000709600000, 0x0000000709800000|  0%| F|  |TAMS 0x0000000709600000, 0x0000000709600000| Untracked 
|  51|0x0000000709800000, 0x0000000709800000, 0x0000000709a00000|  0%| F|  |TAMS 0x0000000709800000, 0x0000000709800000| Untracked 
|  52|0x0000000709a00000, 0x0000000709a00000, 0x0000000709c00000|  0%| F|  |TAMS 0x0000000709a00000, 0x0000000709a00000| Untracked 
|  53|0x0000000709c00000, 0x0000000709c00000, 0x0000000709e00000|  0%| F|  |TAMS 0x0000000709c00000, 0x0000000709c00000| Untracked 
|  54|0x0000000709e00000, 0x0000000709e00000, 0x000000070a000000|  0%| F|  |TAMS 0x0000000709e00000, 0x0000000709e00000| Untracked 
|  55|0x000000070a000000, 0x000000070a000000, 0x000000070a200000|  0%| F|  |TAMS 0x000000070a000000, 0x000000070a000000| Untracked 
|  56|0x000000070a200000, 0x000000070a200000, 0x000000070a400000|  0%| F|  |TAMS 0x000000070a200000, 0x000000070a200000| Untracked 
|  57|0x000000070a400000, 0x000000070a400000, 0x000000070a600000|  0%| F|  |TAMS 0x000000070a400000, 0x000000070a400000| Untracked 
|  58|0x000000070a600000, 0x000000070a600000, 0x000000070a800000|  0%| F|  |TAMS 0x000000070a600000, 0x000000070a600000| Untracked 
|  59|0x000000070a800000, 0x000000070a800000, 0x000000070aa00000|  0%| F|  |TAMS 0x000000070a800000, 0x000000070a800000| Untracked 
|  60|0x000000070aa00000, 0x000000070aa00000, 0x000000070ac00000|  0%| F|  |TAMS 0x000000070aa00000, 0x000000070aa00000| Untracked 
|  61|0x000000070ac00000, 0x000000070ac00000, 0x000000070ae00000|  0%| F|  |TAMS 0x000000070ac00000, 0x000000070ac00000| Untracked 
|  62|0x000000070ae00000, 0x000000070ae00000, 0x000000070b000000|  0%| F|  |TAMS 0x000000070ae00000, 0x000000070ae00000| Untracked 
|  63|0x000000070b000000, 0x000000070b000000, 0x000000070b200000|  0%| F|  |TAMS 0x000000070b000000, 0x000000070b000000| Untracked 
|  64|0x000000070b200000, 0x000000070b200000, 0x000000070b400000|  0%| F|  |TAMS 0x000000070b200000, 0x000000070b200000| Untracked 
|  65|0x000000070b400000, 0x000000070b400000, 0x000000070b600000|  0%| F|  |TAMS 0x000000070b400000, 0x000000070b400000| Untracked 
|  66|0x000000070b600000, 0x000000070b600000, 0x000000070b800000|  0%| F|  |TAMS 0x000000070b600000, 0x000000070b600000| Untracked 
|  67|0x000000070b800000, 0x000000070b800000, 0x000000070ba00000|  0%| F|  |TAMS 0x000000070b800000, 0x000000070b800000| Untracked 
|  68|0x000000070ba00000, 0x000000070ba00000, 0x000000070bc00000|  0%| F|  |TAMS 0x000000070ba00000, 0x000000070ba00000| Untracked 
|  69|0x000000070bc00000, 0x000000070bc00000, 0x000000070be00000|  0%| F|  |TAMS 0x000000070bc00000, 0x000000070bc00000| Untracked 
|  70|0x000000070be00000, 0x000000070be00000, 0x000000070c000000|  0%| F|  |TAMS 0x000000070be00000, 0x000000070be00000| Untracked 
|  71|0x000000070c000000, 0x000000070c000000, 0x000000070c200000|  0%| F|  |TAMS 0x000000070c000000, 0x000000070c000000| Untracked 
|  72|0x000000070c200000, 0x000000070c200000, 0x000000070c400000|  0%| F|  |TAMS 0x000000070c200000, 0x000000070c200000| Untracked 
|  73|0x000000070c400000, 0x000000070c400000, 0x000000070c600000|  0%| F|  |TAMS 0x000000070c400000, 0x000000070c400000| Untracked 
|  74|0x000000070c600000, 0x000000070c600000, 0x000000070c800000|  0%| F|  |TAMS 0x000000070c600000, 0x000000070c600000| Untracked 
|  75|0x000000070c800000, 0x000000070c800000, 0x000000070ca00000|  0%| F|  |TAMS 0x000000070c800000, 0x000000070c800000| Untracked 
|  76|0x000000070ca00000, 0x000000070ca00000, 0x000000070cc00000|  0%| F|  |TAMS 0x000000070ca00000, 0x000000070ca00000| Untracked 
|  77|0x000000070cc00000, 0x000000070cc00000, 0x000000070ce00000|  0%| F|  |TAMS 0x000000070cc00000, 0x000000070cc00000| Untracked 
|  78|0x000000070ce00000, 0x000000070ce00000, 0x000000070d000000|  0%| F|  |TAMS 0x000000070ce00000, 0x000000070ce00000| Untracked 
|  79|0x000000070d000000, 0x000000070d000000, 0x000000070d200000|  0%| F|  |TAMS 0x000000070d000000, 0x000000070d000000| Untracked 
|  80|0x000000070d200000, 0x000000070d200000, 0x000000070d400000|  0%| F|  |TAMS 0x000000070d200000, 0x000000070d200000| Untracked 
|  81|0x000000070d400000, 0x000000070d400000, 0x000000070d600000|  0%| F|  |TAMS 0x000000070d400000, 0x000000070d400000| Untracked 
|  82|0x000000070d600000, 0x000000070d600000, 0x000000070d800000|  0%| F|  |TAMS 0x000000070d600000, 0x000000070d600000| Untracked 
|  83|0x000000070d800000, 0x000000070d800000, 0x000000070da00000|  0%| F|  |TAMS 0x000000070d800000, 0x000000070d800000| Untracked 
|  84|0x000000070da00000, 0x000000070da00000, 0x000000070dc00000|  0%| F|  |TAMS 0x000000070da00000, 0x000000070da00000| Untracked 
|  85|0x000000070dc00000, 0x000000070dc00000, 0x000000070de00000|  0%| F|  |TAMS 0x000000070dc00000, 0x000000070dc00000| Untracked 
|  86|0x000000070de00000, 0x000000070de00000, 0x000000070e000000|  0%| F|  |TAMS 0x000000070de00000, 0x000000070de00000| Untracked 
|  87|0x000000070e000000, 0x000000070e000000, 0x000000070e200000|  0%| F|  |TAMS 0x000000070e000000, 0x000000070e000000| Untracked 
|  88|0x000000070e200000, 0x000000070e200000, 0x000000070e400000|  0%| F|  |TAMS 0x000000070e200000, 0x000000070e200000| Untracked 
|  89|0x000000070e400000, 0x000000070e400000, 0x000000070e600000|  0%| F|  |TAMS 0x000000070e400000, 0x000000070e400000| Untracked 
|  90|0x000000070e600000, 0x000000070e600000, 0x000000070e800000|  0%| F|  |TAMS 0x000000070e600000, 0x000000070e600000| Untracked 
|  91|0x000000070e800000, 0x000000070e800000, 0x000000070ea00000|  0%| F|  |TAMS 0x000000070e800000, 0x000000070e800000| Untracked 
|  92|0x000000070ea00000, 0x000000070ea00000, 0x000000070ec00000|  0%| F|  |TAMS 0x000000070ea00000, 0x000000070ea00000| Untracked 
|  93|0x000000070ec00000, 0x000000070ec00000, 0x000000070ee00000|  0%| F|  |TAMS 0x000000070ec00000, 0x000000070ec00000| Untracked 
|  94|0x000000070ee00000, 0x000000070ee00000, 0x000000070f000000|  0%| F|  |TAMS 0x000000070ee00000, 0x000000070ee00000| Untracked 
|  95|0x000000070f000000, 0x000000070f000000, 0x000000070f200000|  0%| F|  |TAMS 0x000000070f000000, 0x000000070f000000| Untracked 
|  96|0x000000070f200000, 0x000000070f200000, 0x000000070f400000|  0%| F|  |TAMS 0x000000070f200000, 0x000000070f200000| Untracked 
|  97|0x000000070f400000, 0x000000070f400000, 0x000000070f600000|  0%| F|  |TAMS 0x000000070f400000, 0x000000070f400000| Untracked 
|  98|0x000000070f600000, 0x000000070f600000, 0x000000070f800000|  0%| F|  |TAMS 0x000000070f600000, 0x000000070f600000| Untracked 
|  99|0x000000070f800000, 0x000000070f800000, 0x000000070fa00000|  0%| F|  |TAMS 0x000000070f800000, 0x000000070f800000| Untracked 
| 100|0x000000070fa00000, 0x000000070fa00000, 0x000000070fc00000|  0%| F|  |TAMS 0x000000070fa00000, 0x000000070fa00000| Untracked 
| 101|0x000000070fc00000, 0x000000070fc00000, 0x000000070fe00000|  0%| F|  |TAMS 0x000000070fc00000, 0x000000070fc00000| Untracked 
| 102|0x000000070fe00000, 0x000000070fe00000, 0x0000000710000000|  0%| F|  |TAMS 0x000000070fe00000, 0x000000070fe00000| Untracked 
| 103|0x0000000710000000, 0x0000000710000000, 0x0000000710200000|  0%| F|  |TAMS 0x0000000710000000, 0x0000000710000000| Untracked 
| 104|0x0000000710200000, 0x0000000710200000, 0x0000000710400000|  0%| F|  |TAMS 0x0000000710200000, 0x0000000710200000| Untracked 
| 105|0x0000000710400000, 0x0000000710400000, 0x0000000710600000|  0%| F|  |TAMS 0x0000000710400000, 0x0000000710400000| Untracked 
| 106|0x0000000710600000, 0x0000000710600000, 0x0000000710800000|  0%| F|  |TAMS 0x0000000710600000, 0x0000000710600000| Untracked 
| 107|0x0000000710800000, 0x0000000710800000, 0x0000000710a00000|  0%| F|  |TAMS 0x0000000710800000, 0x0000000710800000| Untracked 
| 108|0x0000000710a00000, 0x0000000710a00000, 0x0000000710c00000|  0%| F|  |TAMS 0x0000000710a00000, 0x0000000710a00000| Untracked 
| 109|0x0000000710c00000, 0x0000000710c00000, 0x0000000710e00000|  0%| F|  |TAMS 0x0000000710c00000, 0x0000000710c00000| Untracked 
| 110|0x0000000710e00000, 0x0000000710e00000, 0x0000000711000000|  0%| F|  |TAMS 0x0000000710e00000, 0x0000000710e00000| Untracked 
| 111|0x0000000711000000, 0x0000000711000000, 0x0000000711200000|  0%| F|  |TAMS 0x0000000711000000, 0x0000000711000000| Untracked 
| 112|0x0000000711200000, 0x0000000711200000, 0x0000000711400000|  0%| F|  |TAMS 0x0000000711200000, 0x0000000711200000| Untracked 
| 113|0x0000000711400000, 0x0000000711400000, 0x0000000711600000|  0%| F|  |TAMS 0x0000000711400000, 0x0000000711400000| Untracked 
| 114|0x0000000711600000, 0x0000000711600000, 0x0000000711800000|  0%| F|  |TAMS 0x0000000711600000, 0x0000000711600000| Untracked 
| 115|0x0000000711800000, 0x0000000711800000, 0x0000000711a00000|  0%| F|  |TAMS 0x0000000711800000, 0x0000000711800000| Untracked 
| 116|0x0000000711a00000, 0x0000000711a00000, 0x0000000711c00000|  0%| F|  |TAMS 0x0000000711a00000, 0x0000000711a00000| Untracked 
| 117|0x0000000711c00000, 0x0000000711c00000, 0x0000000711e00000|  0%| F|  |TAMS 0x0000000711c00000, 0x0000000711c00000| Untracked 
| 118|0x0000000711e00000, 0x0000000711e00000, 0x0000000712000000|  0%| F|  |TAMS 0x0000000711e00000, 0x0000000711e00000| Untracked 
| 119|0x0000000712000000, 0x0000000712071278, 0x0000000712200000| 22%| E|  |TAMS 0x0000000712000000, 0x0000000712000000| Complete 
| 120|0x0000000712200000, 0x0000000712400000, 0x0000000712400000|100%| E|CS|TAMS 0x0000000712200000, 0x0000000712200000| Complete 
| 121|0x0000000712400000, 0x0000000712600000, 0x0000000712600000|100%| E|  |TAMS 0x0000000712400000, 0x0000000712400000| Complete 
| 122|0x0000000712600000, 0x0000000712800000, 0x0000000712800000|100%| E|CS|TAMS 0x0000000712600000, 0x0000000712600000| Complete 
| 123|0x0000000712800000, 0x0000000712a00000, 0x0000000712a00000|100%| E|CS|TAMS 0x0000000712800000, 0x0000000712800000| Complete 
| 124|0x0000000712a00000, 0x0000000712c00000, 0x0000000712c00000|100%| E|CS|TAMS 0x0000000712a00000, 0x0000000712a00000| Complete 
| 125|0x0000000712c00000, 0x0000000712e00000, 0x0000000712e00000|100%| E|CS|TAMS 0x0000000712c00000, 0x0000000712c00000| Complete 
| 126|0x0000000712e00000, 0x0000000713000000, 0x0000000713000000|100%| E|CS|TAMS 0x0000000712e00000, 0x0000000712e00000| Complete 

Card table byte_map: [0x000002129fac0000,0x00000212a02b0000] _byte_map_base: 0x000002129c2a7000

Marking Bits (Prev, Next): (CMBitMap*) 0x00000212887dfc90, (CMBitMap*) 0x00000212887dfcd0
 Prev Bits: [0x00000212a0aa0000, 0x00000212a49d8000)
 Next Bits: [0x00000212a49e0000, 0x00000212a8918000)

Polling page: 0x0000021287f70000

Metaspace:

Usage:
  Non-class:      4.42 MB used.
      Class:    376.41 KB used.
       Both:      4.79 MB used.

Virtual space:
  Non-class space:        8.00 MB reserved,       4.50 MB ( 56%) committed,  1 nodes.
      Class space:        1.00 GB reserved,     448.00 KB ( <1%) committed,  1 nodes.
             Both:        1.01 GB reserved,       4.94 MB ( <1%) committed. 

Chunk freelists:
   Non-Class:  1.33 MB
       Class:  3.51 MB
        Both:  4.84 MB

MaxMetaspaceSize: unlimited
CompressedClassSpaceSize: 1.00 GB
Initial GC threshold: 21.00 MB
Current GC threshold: 21.00 MB
CDS: on
MetaspaceReclaimPolicy: balanced
 - commit_granule_bytes: 65536.
 - commit_granule_words: 8192.
 - virtual_space_node_default_size: 1048576.
 - enlarge_chunks_in_place: 1.
 - new_chunks_are_fully_committed: 0.
 - uncommit_free_chunks: 1.
 - use_allocation_guard: 0.
 - handle_deallocations: 1.


Internal statistics:

num_allocs_failed_limit: 0.
num_arena_births: 84.
num_arena_deaths: 0.
num_vsnodes_births: 2.
num_vsnodes_deaths: 0.
num_space_committed: 77.
num_space_uncommitted: 0.
num_chunks_returned_to_freelist: 0.
num_chunks_taken_from_freelist: 219.
num_chunk_merges: 0.
num_chunk_splits: 142.
num_chunks_enlarged: 97.
num_purges: 0.
num_inconsistent_stats: 0.

CodeHeap 'non-profiled nmethods': size=120000Kb used=274Kb max_used=274Kb free=119725Kb
 bounds [0x0000021297a70000, 0x0000021297ce0000, 0x000002129efa0000]
CodeHeap 'profiled nmethods': size=120000Kb used=1550Kb max_used=1550Kb free=118449Kb
 bounds [0x0000021290540000, 0x00000212907b0000, 0x0000021297a70000]
CodeHeap 'non-nmethods': size=5760Kb used=1559Kb max_used=1573Kb free=4200Kb
 bounds [0x000002128ffa0000, 0x0000021290210000, 0x0000021290540000]
 total_blobs=1865 nmethods=902 adapters=876
 compilation: enabled
              stopped_count=0, restarted_count=0
 full_count=0

Compilation events (20 events):
Event: 0.580 Thread 0x00000212ab36f480  893       3       jdk.internal.misc.Unsafe::alignToHeapWordSize (29 bytes)
Event: 0.580 Thread 0x00000212ab36f480 nmethod 893 0x00000212906c0390 code [0x00000212906c0540, 0x00000212906c07e8]
Event: 0.580 Thread 0x00000212ab36f480  894       3       java.util.concurrent.atomic.AtomicLong::compareAndSet (13 bytes)
Event: 0.580 Thread 0x00000212ab36f480 nmethod 894 0x00000212906c0910 code [0x00000212906c0aa0, 0x00000212906c0bd8]
Event: 0.580 Thread 0x00000212ab36f480  895       3       org.lwjgl.BufferUtils::createIntBuffer (12 bytes)
Event: 0.581 Thread 0x00000212ab36f480 nmethod 895 0x00000212906c0c90 code [0x00000212906c0e80, 0x00000212906c1258]
Event: 0.581 Thread 0x00000212ab36f480  896       3       org.lwjgl.system.Checks::check (9 bytes)
Event: 0.581 Thread 0x00000212ab36f480 nmethod 896 0x00000212906c1410 code [0x00000212906c15c0, 0x00000212906c1828]
Event: 0.581 Thread 0x00000212ab36f480  897       3       java.nio.ByteBuffer::flip (7 bytes)
Event: 0.581 Thread 0x00000212ab36f480 nmethod 897 0x00000212906c1990 code [0x00000212906c1b20, 0x00000212906c1c98]
Event: 0.581 Thread 0x00000212ab36f480  898       3       java.nio.Buffer::flip (20 bytes)
Event: 0.581 Thread 0x00000212ab36f480 nmethod 898 0x00000212906c1d90 code [0x00000212906c1f20, 0x00000212906c2038]
Event: 0.582 Thread 0x00000212ab36f480  899       3       jdk.internal.misc.Unsafe::checkNativeAddress (28 bytes)
Event: 0.582 Thread 0x00000212ab36f480 nmethod 899 0x00000212906c2110 code [0x00000212906c22a0, 0x00000212906c23b8]
Event: 0.583 Thread 0x00000212ab36f480  900       3       org.lwjgl.system.MemoryUtil::memLengthUTF8 (117 bytes)
Event: 0.583 Thread 0x00000212ab36f480 nmethod 900 0x00000212906c2490 code [0x00000212906c26a0, 0x00000212906c2da8]
Event: 0.583 Thread 0x00000212ab36f480  901       3       java.nio.MappedByteBuffer::flip (5 bytes)
Event: 0.583 Thread 0x00000212ab36f480 nmethod 901 0x00000212906c3010 code [0x00000212906c31c0, 0x00000212906c33f8]
Event: 0.583 Thread 0x00000212ab36f480  902       3       java.nio.MappedByteBuffer::flip (7 bytes)
Event: 0.583 Thread 0x00000212ab36f480 nmethod 902 0x00000212906c3510 code [0x00000212906c36c0, 0x00000212906c3898]

GC Heap History (0 events):
No events

Deoptimization events (20 events):
Event: 0.255 Thread 0x000002128878e490 Uncommon trap: trap_request=0xffffff45 fr.pc=0x0000021297a81c58 relative=0x0000000000000238
Event: 0.255 Thread 0x000002128878e490 Uncommon trap: reason=unstable_if action=reinterpret pc=0x0000021297a81c58 method=java.lang.String.startsWith(Ljava/lang/String;I)Z @ 14 c2
Event: 0.255 Thread 0x000002128878e490 DEOPT PACKING pc=0x0000021297a81c58 sp=0x000000765fbfae00
Event: 0.255 Thread 0x000002128878e490 DEOPT UNPACKING pc=0x000002128fff5c23 sp=0x000000765fbfad60 mode 2
Event: 0.255 Thread 0x000002128878e490 DEOPT PACKING pc=0x0000021290643965 sp=0x000000765fbfa600
Event: 0.256 Thread 0x000002128878e490 DEOPT UNPACKING pc=0x000002128fff6763 sp=0x000000765fbf9a50 mode 0
Event: 0.263 Thread 0x000002128878e490 Uncommon trap: trap_request=0xffffff45 fr.pc=0x0000021297a941e4 relative=0x0000000000000064
Event: 0.263 Thread 0x000002128878e490 Uncommon trap: reason=unstable_if action=reinterpret pc=0x0000021297a941e4 method=java.io.WinNTFileSystem.isSlash(C)Z @ 9 c2
Event: 0.263 Thread 0x000002128878e490 DEOPT PACKING pc=0x0000021297a941e4 sp=0x000000765fbfb530
Event: 0.263 Thread 0x000002128878e490 DEOPT UNPACKING pc=0x000002128fff5c23 sp=0x000000765fbfb4b8 mode 2
Event: 0.277 Thread 0x000002128878e490 DEOPT PACKING pc=0x00000212906439c3 sp=0x000000765fbfb680
Event: 0.277 Thread 0x000002128878e490 DEOPT UNPACKING pc=0x000002128fff6763 sp=0x000000765fbfaad0 mode 0
Event: 0.282 Thread 0x000002128878e490 DEOPT PACKING pc=0x0000021290643965 sp=0x000000765fbf92f0
Event: 0.282 Thread 0x000002128878e490 DEOPT UNPACKING pc=0x000002128fff6763 sp=0x000000765fbf8740 mode 0
Event: 0.291 Thread 0x000002128878e490 DEOPT PACKING pc=0x0000021290643965 sp=0x000000765fbfb530
Event: 0.291 Thread 0x000002128878e490 DEOPT UNPACKING pc=0x000002128fff6763 sp=0x000000765fbfa980 mode 0
Event: 0.382 Thread 0x000002128878e490 DEOPT PACKING pc=0x0000021290643965 sp=0x000000765fbfd840
Event: 0.382 Thread 0x000002128878e490 DEOPT UNPACKING pc=0x000002128fff6763 sp=0x000000765fbfcc90 mode 0
Event: 0.387 Thread 0x000002128878e490 DEOPT PACKING pc=0x0000021290643965 sp=0x000000765fbfd570
Event: 0.387 Thread 0x000002128878e490 DEOPT UNPACKING pc=0x000002128fff6763 sp=0x000000765fbfc9c0 mode 0

Classes unloaded (0 events):
No events

Classes redefined (0 events):
No events

Internal exceptions (20 events):
Event: 0.268 Thread 0x000002128878e490 Exception <a 'sun/nio/fs/WindowsException'{0x0000000712781050}> (0x0000000712781050) 
thrown [t:\workspace\open\src\hotspot\share\prims\jni.cpp, line 516]
Event: 0.273 Thread 0x000002128878e490 Exception <a 'java/lang/NoSuchMethodError'{0x00000007127af268}: 'int java.lang.invoke.DirectMethodHandle$Holder.invokeStaticInit(java.lang.Object, java.lang.Object, int, long)'> (0x00000007127af268) 
thrown [t:\workspace\open\src\hotspot\share\interpreter\linkResolver.cpp, line 766]
Event: 0.274 Thread 0x000002128878e490 Exception <a 'java/lang/NoSuchMethodError'{0x00000007127b4b30}: 'java.lang.Object java.lang.invoke.DirectMethodHandle$Holder.newInvokeSpecial(java.lang.Object, java.lang.Object, int)'> (0x00000007127b4b30) 
thrown [t:\workspace\open\src\hotspot\share\interpreter\linkResolver.cpp, line 766]
Event: 0.275 Thread 0x000002128878e490 Exception <a 'java/lang/NoSuchMethodError'{0x00000007127c4b50}: 'int java.lang.invoke.DirectMethodHandle$Holder.invokeStaticInit(java.lang.Object, java.lang.Object, long, long)'> (0x00000007127c4b50) 
thrown [t:\workspace\open\src\hotspot\share\interpreter\linkResolver.cpp, line 766]
Event: 0.276 Thread 0x000002128878e490 Exception <a 'java/lang/NoSuchMethodError'{0x00000007127cac60}: 'java.lang.Object java.lang.invoke.DirectMethodHandle$Holder.newInvokeSpecial(java.lang.Object, java.lang.Object, long)'> (0x00000007127cac60) 
thrown [t:\workspace\open\src\hotspot\share\interpreter\linkResolver.cpp, line 766]
Event: 0.276 Thread 0x000002128878e490 Exception <a 'java/lang/NoSuchMethodError'{0x00000007127ceca8}: 'java.lang.Object java.lang.invoke.Invokers$Holder.linkToTargetMethod(java.lang.Object, long, java.lang.Object)'> (0x00000007127ceca8) 
thrown [t:\workspace\open\src\hotspot\share\interpreter\linkResolver.cpp, line 766]
Event: 0.277 Thread 0x000002128878e490 Exception <a 'java/lang/NoSuchMethodError'{0x00000007127d63c0}: 'int java.lang.invoke.DirectMethodHandle$Holder.invokeStaticInit(java.lang.Object, java.lang.Object, java.lang.Object, long)'> (0x00000007127d63c0) 
thrown [t:\workspace\open\src\hotspot\share\interpreter\linkResolver.cpp, line 766]
Event: 0.290 Thread 0x000002128878e490 Exception <a 'sun/nio/fs/WindowsException'{0x0000000712486590}> (0x0000000712486590) 
thrown [t:\workspace\open\src\hotspot\share\prims\jni.cpp, line 516]
Event: 0.290 Thread 0x000002128878e490 Exception <a 'sun/nio/fs/WindowsException'{0x0000000712486900}> (0x0000000712486900) 
thrown [t:\workspace\open\src\hotspot\share\prims\jni.cpp, line 516]
Event: 0.375 Thread 0x000002128878e490 Exception <a 'sun/nio/fs/WindowsException'{0x0000000712505298}> (0x0000000712505298) 
thrown [t:\workspace\open\src\hotspot\share\prims\jni.cpp, line 516]
Event: 0.375 Thread 0x000002128878e490 Exception <a 'sun/nio/fs/WindowsException'{0x0000000712505620}> (0x0000000712505620) 
thrown [t:\workspace\open\src\hotspot\share\prims\jni.cpp, line 516]
Event: 0.379 Thread 0x000002128878e490 Exception <a 'java/lang/NoSuchMethodError'{0x000000071250ee40}: 'void java.lang.invoke.DirectMethodHandle$Holder.invokeStatic(java.lang.Object, long)'> (0x000000071250ee40) 
thrown [t:\workspace\open\src\hotspot\share\interpreter\linkResolver.cpp, line 766]
Event: 0.384 Thread 0x000002128878e490 Exception <a 'java/lang/NoSuchMethodError'{0x00000007125210a8}: 'void java.lang.invoke.DirectMethodHandle$Holder.invokeStaticInit(java.lang.Object, long, double, double)'> (0x00000007125210a8) 
thrown [t:\workspace\open\src\hotspot\share\interpreter\linkResolver.cpp, line 766]
Event: 0.385 Thread 0x000002128878e490 Exception <a 'java/lang/NoSuchMethodError'{0x0000000712532358}: 'void java.lang.invoke.DirectMethodHandle$Holder.invokeStaticInit(java.lang.Object, long, int, int, int)'> (0x0000000712532358) 
thrown [t:\workspace\open\src\hotspot\share\interpreter\linkResolver.cpp, line 766]
Event: 0.388 Thread 0x000002128878e490 Exception <a 'java/lang/NoSuchMethodError'{0x000000071254ded0}: 'void java.lang.invoke.DirectMethodHandle$Holder.invokeStaticInit(java.lang.Object, long, int, int, int, int)'> (0x000000071254ded0) 
thrown [t:\workspace\open\src\hotspot\share\interpreter\linkResolver.cpp, line 766]
Event: 0.427 Thread 0x000002128878e490 Exception <a 'sun/nio/fs/WindowsException'{0x00000007125855f8}> (0x00000007125855f8) 
thrown [t:\workspace\open\src\hotspot\share\prims\jni.cpp, line 516]
Event: 0.427 Thread 0x000002128878e490 Exception <a 'sun/nio/fs/WindowsException'{0x00000007125859a8}> (0x00000007125859a8) 
thrown [t:\workspace\open\src\hotspot\share\prims\jni.cpp, line 516]
Event: 0.429 Thread 0x000002128878e490 Exception <a 'sun/nio/fs/WindowsException'{0x000000071258c7d8}> (0x000000071258c7d8) 
thrown [t:\workspace\open\src\hotspot\share\prims\jni.cpp, line 516]
Event: 0.429 Thread 0x000002128878e490 Exception <a 'sun/nio/fs/WindowsException'{0x000000071258cac0}> (0x000000071258cac0) 
thrown [t:\workspace\open\src\hotspot\share\prims\jni.cpp, line 516]
Event: 0.527 Thread 0x000002128878e490 Exception <a 'java/lang/NoSuchMethodError'{0x00000007123a7f28}: 'void java.lang.invoke.DirectMethodHandle$Holder.invokeStatic(java.lang.Object, java.lang.Object, java.lang.Object)'> (0x00000007123a7f28) 
thrown [t:\workspace\open\src\hotspot\share\interpreter\linkResolver.cpp, line 766]

VM Operations (8 events):
Event: 0.064 Executing VM operation: HandshakeAllThreads
Event: 0.064 Executing VM operation: HandshakeAllThreads done
Event: 0.094 Executing VM operation: HandshakeAllThreads
Event: 0.095 Executing VM operation: HandshakeAllThreads done
Event: 0.247 Executing VM operation: HandshakeAllThreads
Event: 0.247 Executing VM operation: HandshakeAllThreads done
Event: 0.263 Executing VM operation: HandshakeAllThreads
Event: 0.263 Executing VM operation: HandshakeAllThreads done

Events (20 events):
Event: 0.481 loading class java/util/stream/Node$OfInt done
Event: 0.481 loading class java/util/stream/Nodes$EmptyNode$OfInt done
Event: 0.481 loading class java/util/stream/Nodes$EmptyNode$OfLong
Event: 0.481 loading class java/util/stream/Node$OfLong
Event: 0.481 loading class java/util/stream/Node$OfLong done
Event: 0.481 loading class java/util/stream/Nodes$EmptyNode$OfLong done
Event: 0.481 loading class java/util/stream/Nodes$EmptyNode$OfDouble
Event: 0.481 loading class java/util/stream/Node$OfDouble
Event: 0.481 loading class java/util/stream/Node$OfDouble done
Event: 0.481 loading class java/util/stream/Nodes$EmptyNode$OfDouble done
Event: 0.481 loading class java/util/stream/Nodes$SpinedNodeBuilder
Event: 0.481 loading class java/util/stream/Node$Builder
Event: 0.481 loading class java/util/stream/Node$Builder done
Event: 0.481 loading class java/util/stream/SpinedBuffer
Event: 0.481 loading class java/util/stream/AbstractSpinedBuffer
Event: 0.481 loading class java/util/stream/AbstractSpinedBuffer done
Event: 0.481 loading class java/util/stream/SpinedBuffer done
Event: 0.481 loading class java/util/stream/Nodes$SpinedNodeBuilder done
Event: 0.569 loading class java/awt/image/RenderedImage
Event: 0.569 loading class java/awt/image/RenderedImage done


Dynamic libraries:
0x00007ff72c240000 - 0x00007ff72c250000 	C:\Program Files\Java\jdk-17.0.1\bin\java.exe
0x00007ffee1ac0000 - 0x00007ffee1cc7000 	C:\WINDOWS\SYSTEM32\ntdll.dll
0x00007ffee1500000 - 0x00007ffee15bd000 	C:\WINDOWS\System32\KERNEL32.DLL
0x00007ffedf2d0000 - 0x00007ffedf644000 	C:\WINDOWS\System32\KERNELBASE.dll
0x00007ffedf7b0000 - 0x00007ffedf8c1000 	C:\WINDOWS\System32\ucrtbase.dll
0x00007ffeca7d0000 - 0x00007ffeca7ea000 	C:\Program Files\Java\jdk-17.0.1\bin\VCRUNTIME140.dll
0x00007ffeceb40000 - 0x00007ffeceb58000 	C:\Program Files\Java\jdk-17.0.1\bin\jli.dll
0x00007ffee0490000 - 0x00007ffee053c000 	C:\WINDOWS\System32\ADVAPI32.dll
0x00007ffee0540000 - 0x00007ffee05e3000 	C:\WINDOWS\System32\msvcrt.dll
0x00007ffee0a10000 - 0x00007ffee0aad000 	C:\WINDOWS\System32\sechost.dll
0x00007ffee08e0000 - 0x00007ffee0a01000 	C:\WINDOWS\System32\RPCRT4.dll
0x00007ffee0ae0000 - 0x00007ffee0c8c000 	C:\WINDOWS\System32\USER32.dll
0x00007ffedf010000 - 0x00007ffedf036000 	C:\WINDOWS\System32\win32u.dll
0x00007ffed01d0000 - 0x00007ffed0475000 	C:\WINDOWS\WinSxS\amd64_microsoft.windows.common-controls_6595b64144ccf1df_6.0.22000.120_none_9d947278b86cc467\COMCTL32.dll
0x00007ffee0ab0000 - 0x00007ffee0ad9000 	C:\WINDOWS\System32\GDI32.dll
0x00007ffedf040000 - 0x00007ffedf152000 	C:\WINDOWS\System32\gdi32full.dll
0x00007ffedf650000 - 0x00007ffedf6ed000 	C:\WINDOWS\System32\msvcp_win.dll
0x00007ffed8c60000 - 0x00007ffed8c6a000 	C:\WINDOWS\SYSTEM32\VERSION.dll
0x00007ffee08a0000 - 0x00007ffee08d1000 	C:\WINDOWS\System32\IMM32.DLL
0x00007ffed9240000 - 0x00007ffed924c000 	C:\Program Files\Java\jdk-17.0.1\bin\vcruntime140_1.dll
0x00007ffeac100000 - 0x00007ffeac18d000 	C:\Program Files\Java\jdk-17.0.1\bin\msvcp140.dll
0x00007ffe58d20000 - 0x00007ffe598de000 	C:\Program Files\Java\jdk-17.0.1\bin\server\jvm.dll
0x00007ffedfbe0000 - 0x00007ffedfbe8000 	C:\WINDOWS\System32\PSAPI.DLL
0x00007ffec4880000 - 0x00007ffec4889000 	C:\WINDOWS\SYSTEM32\WSOCK32.dll
0x00007ffed81c0000 - 0x00007ffed81f3000 	C:\WINDOWS\SYSTEM32\WINMM.dll
0x00007ffee1630000 - 0x00007ffee169f000 	C:\WINDOWS\System32\WS2_32.dll
0x00007ffede1b0000 - 0x00007ffede1c8000 	C:\WINDOWS\SYSTEM32\kernel.appcore.dll
0x00007ffed6470000 - 0x00007ffed647a000 	C:\Program Files\Java\jdk-17.0.1\bin\jimage.dll
0x00007ffedc3b0000 - 0x00007ffedc5d1000 	C:\WINDOWS\SYSTEM32\DBGHELP.DLL
0x00007ffec4120000 - 0x00007ffec4151000 	C:\WINDOWS\SYSTEM32\dbgcore.DLL
0x00007ffedf8d0000 - 0x00007ffedf94f000 	C:\WINDOWS\System32\bcryptPrimitives.dll
0x00007ffeca1d0000 - 0x00007ffeca1f5000 	C:\Program Files\Java\jdk-17.0.1\bin\java.dll
0x00007ffe97850000 - 0x00007ffe97926000 	C:\Program Files\Java\jdk-17.0.1\bin\svml.dll
0x00007ffedfce0000 - 0x00007ffee048e000 	C:\WINDOWS\System32\SHELL32.dll
0x00007ffedd140000 - 0x00007ffedd9a7000 	C:\WINDOWS\SYSTEM32\windows.storage.dll
0x00007ffee16a0000 - 0x00007ffee1a18000 	C:\WINDOWS\System32\combase.dll
0x00007ffedcfd0000 - 0x00007ffedd136000 	C:\WINDOWS\SYSTEM32\wintypes.dll
0x00007ffedfaf0000 - 0x00007ffedfbda000 	C:\WINDOWS\System32\SHCORE.dll
0x00007ffee0840000 - 0x00007ffee089d000 	C:\WINDOWS\System32\shlwapi.dll
0x00007ffedeed0000 - 0x00007ffedeef1000 	C:\WINDOWS\SYSTEM32\profapi.dll
0x00007ffec9de0000 - 0x00007ffec9df9000 	C:\Program Files\Java\jdk-17.0.1\bin\net.dll
0x00007ffedaa60000 - 0x00007ffedab6c000 	C:\WINDOWS\SYSTEM32\WINHTTP.dll
0x00007ffede5c0000 - 0x00007ffede627000 	C:\WINDOWS\system32\mswsock.dll
0x00007ffec9d90000 - 0x00007ffec9da5000 	C:\Program Files\Java\jdk-17.0.1\bin\nio.dll
0x00007ffec5900000 - 0x00007ffec5918000 	C:\Program Files\Java\jdk-17.0.1\bin\zip.dll
0x00007ffed6430000 - 0x00007ffed6440000 	C:\Program Files\Java\jdk-17.0.1\bin\verify.dll
0x00007ffe99700000 - 0x00007ffe99771000 	C:\Users\jackr\AppData\Local\Temp\lwjgljackr\3.3.0-build-21\lwjgl.dll
0x00007ffeabc60000 - 0x00007ffeabcc1000 	C:\Users\jackr\AppData\Local\Temp\lwjgljackr\3.3.0-build-21\glfw.dll
0x00007ffeaa2a0000 - 0x00007ffeaa2e5000 	C:\WINDOWS\SYSTEM32\dinput8.dll
0x00007ffebb0e0000 - 0x00007ffebb0f1000 	C:\WINDOWS\SYSTEM32\xinput1_4.dll
0x00007ffedeca0000 - 0x00007ffedecec000 	C:\WINDOWS\SYSTEM32\cfgmgr32.dll
0x00007ffedec70000 - 0x00007ffedec9c000 	C:\WINDOWS\SYSTEM32\DEVOBJ.dll
0x00007ffedc960000 - 0x00007ffedc98f000 	C:\WINDOWS\SYSTEM32\dwmapi.dll
0x00007ffeb9f70000 - 0x00007ffeba139000 	C:\WINDOWS\SYSTEM32\inputhost.dll
0x00007ffedba70000 - 0x00007ffedbba2000 	C:\WINDOWS\SYSTEM32\CoreMessaging.dll
0x00007ffedc1e0000 - 0x00007ffedc28c000 	C:\WINDOWS\system32\uxtheme.dll
0x00007ffee13e0000 - 0x00007ffee14fe000 	C:\WINDOWS\System32\MSCTF.dll
0x00007ffede820000 - 0x00007ffede82c000 	C:\WINDOWS\SYSTEM32\CRYPTBASE.DLL
0x00007ffea1e60000 - 0x00007ffea1f61000 	C:\WINDOWS\SYSTEM32\opengl32.dll
0x00007ffea1fd0000 - 0x00007ffea1ffd000 	C:\WINDOWS\SYSTEM32\GLU32.dll
0x00007ffedc7e0000 - 0x00007ffedc818000 	C:\WINDOWS\SYSTEM32\dxcore.dll
0x00007ffed9d00000 - 0x00007ffed9d44000 	C:\WINDOWS\SYSTEM32\directxdatabasehelper.dll
0x00007ffedc990000 - 0x00007ffedc9c4000 	C:\WINDOWS\SYSTEM32\ntmarta.dll
0x00007ffee11f0000 - 0x00007ffee129f000 	C:\WINDOWS\System32\clbcatq.dll
0x00007ffe38620000 - 0x00007ffe395f3000 	C:\WINDOWS\System32\DriverStore\FileRepository\iigd_dch.inf_amd64_cd926c8ec2d5c22c\igxelpicd64.dll
0x00007ffedf950000 - 0x00007ffedfaea000 	C:\WINDOWS\System32\ole32.dll
0x00007ffedc610000 - 0x00007ffedc703000 	C:\WINDOWS\system32\dxgi.dll
0x00007ffe6fed0000 - 0x00007ffe70357000 	C:\WINDOWS\System32\DriverStore\FileRepository\iigd_dch.inf_amd64_cd926c8ec2d5c22c\igdml64.dll
0x00007ffed4270000 - 0x00007ffed4631000 	C:\WINDOWS\System32\DriverStore\FileRepository\iigd_dch.inf_amd64_cd926c8ec2d5c22c\igdgmm64.dll
0x00007ffed1060000 - 0x00007ffed4266000 	C:\WINDOWS\System32\DriverStore\FileRepository\iigd_dch.inf_amd64_cd926c8ec2d5c22c\igc64.dll
0x00007ffeddf40000 - 0x00007ffeddf8d000 	C:\WINDOWS\SYSTEM32\powrprof.dll
0x00007ffeddec0000 - 0x00007ffedded3000 	C:\WINDOWS\SYSTEM32\UMPDC.dll
0x00007ffe99040000 - 0x00007ffe990c1000 	C:\Users\jackr\AppData\Local\Temp\lwjgljackr\3.3.0-build-21\lwjgl_stb.dll
0x00007ffed9830000 - 0x00007ffed98e9000 	C:\WINDOWS\SYSTEM32\mscms.dll
0x00007ffede980000 - 0x00007ffede9a7000 	C:\WINDOWS\SYSTEM32\bcrypt.dll
0x00007ffe9fcb0000 - 0x00007ffe9fcf4000 	C:\WINDOWS\SYSTEM32\icm32.dll
0x00007ffeb9e40000 - 0x00007ffeb9f6d000 	C:\WINDOWS\SYSTEM32\textinputframework.dll
0x00007ffee12a0000 - 0x00007ffee1376000 	C:\WINDOWS\System32\OLEAUT32.dll
0x00007ffed92a0000 - 0x00007ffed960d000 	C:\WINDOWS\SYSTEM32\CoreUIComponents.dll
0x00007ffea9c50000 - 0x00007ffea9cb9000 	C:\WINDOWS\system32\Oleacc.dll
0x00007ffe977f0000 - 0x00007ffe9784d000 	C:\Users\jackr\AppData\Local\Temp\lwjgljackr\3.3.0-build-21\lwjgl_opengl.dll

dbghelp: loaded successfully - version: 4.0.5 - missing functions: none
symbol engine: initialized successfully - sym options: 0x614 - pdb path: .;C:\Program Files\Java\jdk-17.0.1\bin;C:\WINDOWS\SYSTEM32;C:\WINDOWS\WinSxS\amd64_microsoft.windows.common-controls_6595b64144ccf1df_6.0.22000.120_none_9d947278b86cc467;C:\Program Files\Java\jdk-17.0.1\bin\server;C:\Users\jackr\AppData\Local\Temp\lwjgljackr\3.3.0-build-21;C:\WINDOWS\System32\DriverStore\FileRepository\iigd_dch.inf_amd64_cd926c8ec2d5c22c

VM Arguments:
jvm_args: -Dfile.encoding=windows-1252 -Duser.country=US -Duser.language=en -Duser.variant 
java_command: creoii.origin.core.Main
java_class_path (initial): C:\Users\jackr\Desktop\Workspaces\Games\Origin\build\classes\java\main;C:\Users\jackr\Desktop\Workspaces\Games\Origin\build\resources\main;C:\Users\jackr\.gradle\caches\modules-2\files-2.1\org.lwjgl\lwjgl-glfw\3.3.0\899e34f314525596f8fdb6476d3e56104da4601d\lwjgl-glfw-3.3.0.jar;C:\Users\jackr\.gradle\caches\modules-2\files-2.1\org.lwjgl\lwjgl-glfw\3.3.0\b2d71cebdfecc512131879573e835211cb47b91f\lwjgl-glfw-3.3.0-natives-windows.jar;C:\Users\jackr\.gradle\caches\modules-2\files-2.1\org.lwjgl\lwjgl-opengl\3.3.0\a1f395f7758a3abd5aff75fc8a20368ac371631e\lwjgl-opengl-3.3.0.jar;C:\Users\jackr\.gradle\caches\modules-2\files-2.1\org.lwjgl\lwjgl-opengl\3.3.0\de52e197709c8d03cb386ed7b3b4ce8b96a339f3\lwjgl-opengl-3.3.0-natives-windows.jar;C:\Users\jackr\.gradle\caches\modules-2\files-2.1\org.lwjgl\lwjgl-stb\3.3.0\69becce49e19671fccca33bfb273231055bd9fcf\lwjgl-stb-3.3.0.jar;C:\Users\jackr\.gradle\caches\modules-2\files-2.1\org.lwjgl\lwjgl-stb\3.3.0\58994705dc03cca4da31ab850edfae51cfbff74c\lwjgl-stb-3.3.0-natives-windows.jar;C:\Users\jackr\.gradle\caches\modules-2\files-2.1\org.lwjgl\lwjgl\3.3.0\77b0dc0b6a6c82fb47368e73d55e23fdcfcf49a1\lwjgl-3.3.0.jar;C:\Users\jackr\.gradle\caches\modules-2\files-2.1\org.lwjgl\lwjgl\3.3.0\835e69d483be5ff5f2259ec7802855bd2ff46492\lwjgl-3.3.0-natives-windows.jar;C:\Users\jackr\.gradle\caches\modules-2\files-2.1\org.apache.commons\commons-math3\3.6.1\e4ba98f1d4b3c80ec46392f25e094a6a2e58fcbf\commons-math3-3.6.1.jar;C:\Users\jackr\.gradle\caches\modules-2\files-2.1\com.google.code.gson\gson\2.8.9\8a432c1d6825781e21a02db2e2c33c5fde2833b9\gson-2.8.9.jar;C:\Users\jackr\.gradle\caches\modules-2\files-2.1\org.joml\joml\1.10.3\492cd01b61c3b17bb7cabe943d85402e7a1a4c39\joml-1.10.3.jar
Launcher Type: SUN_STANDARD

[Global flags]
     intx CICompilerCount                          = 4                                         {product} {ergonomic}
     uint ConcGCThreads                            = 2                                         {product} {ergonomic}
     uint G1ConcRefinementThreads                  = 8                                         {product} {ergonomic}
   size_t G1HeapRegionSize                         = 2097152                                   {product} {ergonomic}
    uintx GCDrainStackTargetSize                   = 64                                        {product} {ergonomic}
   size_t InitialHeapSize                          = 266338304                                 {product} {ergonomic}
   size_t MarkStackSize                            = 4194304                                   {product} {ergonomic}
   size_t MaxHeapSize                              = 4242538496                                {product} {ergonomic}
   size_t MaxNewSize                               = 2543845376                                {product} {ergonomic}
   size_t MinHeapDeltaBytes                        = 2097152                                   {product} {ergonomic}
   size_t MinHeapSize                              = 8388608                                   {product} {ergonomic}
    uintx NonNMethodCodeHeapSize                   = 5839372                                {pd product} {ergonomic}
    uintx NonProfiledCodeHeapSize                  = 122909434                              {pd product} {ergonomic}
    uintx ProfiledCodeHeapSize                     = 122909434                              {pd product} {ergonomic}
    uintx ReservedCodeCacheSize                    = 251658240                              {pd product} {ergonomic}
     bool SegmentedCodeCache                       = true                                      {product} {ergonomic}
   size_t SoftMaxHeapSize                          = 4242538496                             {manageable} {ergonomic}
     bool UseCompressedClassPointers               = true                           {product lp64_product} {ergonomic}
     bool UseCompressedOops                        = true                           {product lp64_product} {ergonomic}
     bool UseG1GC                                  = true                                      {product} {ergonomic}
     bool UseLargePagesIndividualAllocation        = false                                  {pd product} {ergonomic}

Logging:
Log output configuration:
 #0: stdout all=warning uptime,level,tags
 #1: stderr all=off uptime,level,tags

Environment Variables:
JAVA_HOME=C:\Program Files\Java\jdk-17.0.1
PATH=C:\Program Files\Microsoft\jdk-11.0.12.7-hotspot\bin;C:\Program Files\Common Files\Oracle\Java\javapath;C:\Program Files (x86)\Common Files\Oracle\Java\javapath;C:\WINDOWS\system32;C:\WINDOWS;C:\WINDOWS\System32\Wbem;C:\WINDOWS\System32\WindowsPowerShell\v1.0\;C:\WINDOWS\System32\OpenSSH\;C:\Program Files\Git\cmd;C:\Program Files\dotnet\;C:\Users\jackr\AppData\Local\Microsoft\WindowsApps;C:\Users\jackr\AppData\Local\GitHubDesktop\bin;C:\Users\jackr\.dotnet\tools
USERNAME=jackr
OS=Windows_NT
PROCESSOR_IDENTIFIER=Intel64 Family 6 Model 140 Stepping 1, GenuineIntel



---------------  S Y S T E M  ---------------

OS:
 Windows 10 , 64 bit Build 22000 (10.0.22000.318)
OS uptime: 23 days 22:20 hours

CPU: total 8 (initial active 8) (4 cores per cpu, 2 threads per core) family 6 model 140 stepping 1 microcode 0x52, cx8, cmov, fxsr, ht, mmx, 3dnowpref, sse, sse2, sse3, ssse3, sse4.1, sse4.2, popcnt, lzcnt, tsc, tscinvbit, avx, avx2, aes, erms, clmul, bmi1, bmi2, adx, avx512f, avx512dq, avx512cd, avx512bw, avx512vl, sha, fma, vzeroupper, avx512_vpopcntdq, avx512_vpclmulqdq, avx512_vaes, avx512_vnni, clflush, clflushopt, clwb, avx512_vbmi2, avx512_vbmi

Memory: 4k page, system-wide physical 16183M (1825M free)
TotalPageFile size 24976M (AvailPageFile size 3825M)
current process WorkingSet (physical memory assigned to process): 148M, peak: 148M
current process commit charge ("private bytes"): 398M, peak: 398M

vm_info: Java HotSpot(TM) 64-Bit Server VM (17.0.1+12-LTS-39) for windows-amd64 JRE (17.0.1+12-LTS-39), built on Sep 27 2021 18:41:35 by "mach5one" with MS VC++ 16.8 (VS2019)

END.
